<?xml version="1.0" encoding="UTF-8"?>
<!-- Generated by org.testng.reporters.JUnitReportReporter -->
<testsuite hostname="DESKTOP-6UICLU7" failures="0" tests="2" name="mycompany.AppiumTest" time="0.002" errors="0" timestamp="2022-04-19T12:54:02 BDT" skipped="0">
  <testcase classname="mycompany.AppiumTest" name="IOSApps" time="0.001"/>
  <system-out/>
  <testcase classname="mycompany.AppiumTest" name="NativeAppAndroid" time="0.001"/>
  <system-out/>
</testsuite> <!-- mycompany.AppiumTest -->
