<?xml version="1.0" encoding="UTF-8"?>
<!-- Generated by org.testng.reporters.JUnitReportReporter -->
<testsuite hostname="DESKTOP-6UICLU7" failures="0" tests="2" name="mycompany.SeleniumTest" time="0.011" errors="0" timestamp="2022-04-19T12:54:02 BDT" skipped="0">
  <testcase classname="mycompany.SeleniumTest" name="BrowserAutomation" time="0.009"/>
  <system-out/>
  <testcase classname="mycompany.SeleniumTest" name="elementsUi" time="0.002"/>
  <system-out/>
</testsuite> <!-- mycompany.SeleniumTest -->
