<?xml version="1.0" encoding="UTF-8"?>
<!-- Generated by org.testng.reporters.JUnitReportReporter -->
<testsuite skipped="0" hostname="DESKTOP-6UICLU7" name="mycompany.RESTAPITest" tests="2" failures="0" timestamp="10 Apr 2022 09:27:17 GMT" time="0.020" errors="0">
  <testcase name="postJira" time="0.019" classname="mycompany.RESTAPITest"/>
  <testcase name="deleteTwitter" time="0.001" classname="mycompany.RESTAPITest"/>
</testsuite> <!-- mycompany.RESTAPITest -->
