<?xml version="1.0" encoding="UTF-8"?>
<!-- Generated by org.testng.reporters.JUnitReportReporter -->
<testsuite skipped="0" hostname="DESKTOP-6UICLU7" name="mycompany.SeleniumTest" tests="2" failures="0" timestamp="10 Apr 2022 09:27:17 GMT" time="0.056" errors="0">
  <testcase name="BrowserAutomation" time="0.051" classname="mycompany.SeleniumTest"/>
  <testcase name="elementsUi" time="0.005" classname="mycompany.SeleniumTest"/>
</testsuite> <!-- mycompany.SeleniumTest -->
