<?xml version="1.0" encoding="UTF-8"?>
<!-- Generated by org.testng.reporters.JUnitReportReporter -->
<testsuite skipped="0" hostname="DESKTOP-6UICLU7" name="mycompany.AppiumTest" tests="2" failures="0" timestamp="10 Apr 2022 09:27:17 GMT" time="0.001" errors="0">
  <testcase name="NativeAppAndroid" time="0.001" classname="mycompany.AppiumTest"/>
  <testcase name="IOSApps" time="0.000" classname="mycompany.AppiumTest"/>
</testsuite> <!-- mycompany.AppiumTest -->
